The system is: Linux - 3.4.98-1vl6 - i686
Compiling the C compiler identification source file "CMakeCCompilerId.c" succeeded.
Compiler: /usr/bin/cc 
Build flags: 
Id flags: 

The output was:
0


Compilation of the C compiler identification source "CMakeCCompilerId.c" produced "a.out"

The C compiler identification is GNU, found in "/home/xserve0/users/nakamura/デスクトップ/Research/experiments/src/lib/Eigen/src/CMakeFiles/2.8.12.2/CompilerIdC/a.out"

Compiling the CXX compiler identification source file "CMakeCXXCompilerId.cpp" succeeded.
Compiler: /usr/bin/c++ 
Build flags: 
Id flags: 

The output was:
0


Compilation of the CXX compiler identification source "CMakeCXXCompilerId.cpp" produced "a.out"

The CXX compiler identification is GNU, found in "/home/xserve0/users/nakamura/デスクトップ/Research/experiments/src/lib/Eigen/src/CMakeFiles/2.8.12.2/CompilerIdCXX/a.out"

Determining if the C compiler works passed with the following output:
Change Dir: /home/xserve0/users/nakamura/デスクトップ/Research/experiments/src/lib/Eigen/src/CMakeFiles/CMakeTmp

Run Build Command:/usr/bin/gmake "cmTryCompileExec3751160093/fast"
gmake: Warning: File `Makefile' has modification time 8.6 s in the future
/usr/bin/gmake -f CMakeFiles/cmTryCompileExec3751160093.dir/build.make CMakeFiles/cmTryCompileExec3751160093.dir/build
gmake[1]: Entering directory `/net/xserve0/users/nakamura/デスクトップ/Research/experiments/src/lib/Eigen/src/CMakeFiles/CMakeTmp'
gmake[1]: Warning: File `CMakeFiles/cmTryCompileExec3751160093.dir/flags.make' has modification time 8.6 s in the future
/usr/local/bin/cmake -E cmake_progress_report /home/xserve0/users/nakamura/デスクトップ/Research/experiments/src/lib/Eigen/src/CMakeFiles/CMakeTmp/CMakeFiles 1
Building C object CMakeFiles/cmTryCompileExec3751160093.dir/testCCompiler.c.o
/usr/bin/cc    -o CMakeFiles/cmTryCompileExec3751160093.dir/testCCompiler.c.o   -c /home/xserve0/users/nakamura/デスクトップ/Research/experiments/src/lib/Eigen/src/CMakeFiles/CMakeTmp/testCCompiler.c
Linking C executable cmTryCompileExec3751160093
/usr/local/bin/cmake -E cmake_link_script CMakeFiles/cmTryCompileExec3751160093.dir/link.txt --verbose=1
/usr/bin/cc       CMakeFiles/cmTryCompileExec3751160093.dir/testCCompiler.c.o  -o cmTryCompileExec3751160093 -rdynamic 
gmake[1]: Leaving directory `/net/xserve0/users/nakamura/デスクトップ/Research/experiments/src/lib/Eigen/src/CMakeFiles/CMakeTmp'
gmake[1]: warning:  Clock skew detected.  Your build may be incomplete.
gmake: warning:  Clock skew detected.  Your build may be incomplete.


Detecting C compiler ABI info compiled with the following output:
Change Dir: /home/xserve0/users/nakamura/デスクトップ/Research/experiments/src/lib/Eigen/src/CMakeFiles/CMakeTmp

Run Build Command:/usr/bin/gmake "cmTryCompileExec1532344274/fast"
gmake: Warning: File `Makefile' has modification time 8.4 s in the future
/usr/bin/gmake -f CMakeFiles/cmTryCompileExec1532344274.dir/build.make CMakeFiles/cmTryCompileExec1532344274.dir/build
gmake[1]: Entering directory `/net/xserve0/users/nakamura/デスクトップ/Research/experiments/src/lib/Eigen/src/CMakeFiles/CMakeTmp'
gmake[1]: Warning: File `CMakeFiles/cmTryCompileExec1532344274.dir/flags.make' has modification time 8.4 s in the future
/usr/local/bin/cmake -E cmake_progress_report /home/xserve0/users/nakamura/デスクトップ/Research/experiments/src/lib/Eigen/src/CMakeFiles/CMakeTmp/CMakeFiles 1
Building C object CMakeFiles/cmTryCompileExec1532344274.dir/CMakeCCompilerABI.c.o
/usr/bin/cc    -o CMakeFiles/cmTryCompileExec1532344274.dir/CMakeCCompilerABI.c.o   -c /usr/local/share/cmake-2.8/Modules/CMakeCCompilerABI.c
Linking C executable cmTryCompileExec1532344274
/usr/local/bin/cmake -E cmake_link_script CMakeFiles/cmTryCompileExec1532344274.dir/link.txt --verbose=1
/usr/bin/cc     -v CMakeFiles/cmTryCompileExec1532344274.dir/CMakeCCompilerABI.c.o  -o cmTryCompileExec1532344274 -rdynamic  
Using built-in specs.
Target: i686-vine-linux
コンフィグオプション: ../configure --prefix=/usr --mandir=/usr/share/man --infodir=/usr/share/info --enable-bootstrap --enable-shared --enable-threads=posix --enable-checking=release --with-system-zlib --enable-__cxa_atexit --disable-libunwind-exceptions --enable-gnu-unique-object --enable-languages=c,c++,objc,obj-c++,java,fortran --enable-java-awt=gtk --disable-dssi --with-native-libdir=/usr/lib/gcj-4.4.5 --with-java-home=/usr/lib/jvm/java-1.5.0-gcj-1.5.0.0/jre --enable-libgcj-multifile --enable-java-maintainer-mode --with-ecj-jar=/usr/share/java/eclipse-ecj.jar --disable-libjava-multilib --with-arch=i686 --host=i686-vine-linux --build=i686-vine-linux
スレッドモデル: posix
gcc version 4.4.5 20101001 (Vine Linux 4.4.5-6.1vl6) (GCC) 
COMPILER_PATH=/usr/libexec/gcc/i686-vine-linux/4.4.5/:/usr/libexec/gcc/i686-vine-linux/4.4.5/:/usr/libexec/gcc/i686-vine-linux/:/usr/lib/gcc/i686-vine-linux/4.4.5/:/usr/lib/gcc/i686-vine-linux/:/usr/libexec/gcc/i686-vine-linux/4.4.5/:/usr/libexec/gcc/i686-vine-linux/:/usr/lib/gcc/i686-vine-linux/4.4.5/:/usr/lib/gcc/i686-vine-linux/
LIBRARY_PATH=/usr/lib/gcc/i686-vine-linux/4.4.5/:/usr/lib/gcc/i686-vine-linux/4.4.5/:/usr/lib/gcc/i686-vine-linux/4.4.5/../../../:/lib/:/usr/lib/
COLLECT_GCC_OPTIONS='-v' '-o' 'cmTryCompileExec1532344274' '-rdynamic' '-mtune=generic' '-march=i686'
 /usr/libexec/gcc/i686-vine-linux/4.4.5/collect2 --add-needed --eh-frame-hdr --build-id -m elf_i386 -export-dynamic -dynamic-linker /lib/ld-linux.so.2 -o cmTryCompileExec1532344274 /usr/lib/gcc/i686-vine-linux/4.4.5/../../../crt1.o /usr/lib/gcc/i686-vine-linux/4.4.5/../../../crti.o /usr/lib/gcc/i686-vine-linux/4.4.5/crtbegin.o -L/usr/lib/gcc/i686-vine-linux/4.4.5 -L/usr/lib/gcc/i686-vine-linux/4.4.5 -L/usr/lib/gcc/i686-vine-linux/4.4.5/../../.. CMakeFiles/cmTryCompileExec1532344274.dir/CMakeCCompilerABI.c.o -lgcc --as-needed -lgcc_s --no-as-needed -lc -lgcc --as-needed -lgcc_s --no-as-needed /usr/lib/gcc/i686-vine-linux/4.4.5/crtend.o /usr/lib/gcc/i686-vine-linux/4.4.5/../../../crtn.o
gmake[1]: Leaving directory `/net/xserve0/users/nakamura/デスクトップ/Research/experiments/src/lib/Eigen/src/CMakeFiles/CMakeTmp'
gmake[1]: warning:  Clock skew detected.  Your build may be incomplete.
gmake: warning:  Clock skew detected.  Your build may be incomplete.


Parsed C implicit link information from above output:
  link line regex: [^( *|.*[/\])(ld|([^/\]+-)?ld|collect2)[^/\]*( |$)]
  ignore line: [Change Dir: /home/xserve0/users/nakamura/デスクトップ/Research/experiments/src/lib/Eigen/src/CMakeFiles/CMakeTmp]
  ignore line: []
  ignore line: [Run Build Command:/usr/bin/gmake "cmTryCompileExec1532344274/fast"]
  ignore line: [gmake: Warning: File `Makefile' has modification time 8.4 s in the future]
  ignore line: [/usr/bin/gmake -f CMakeFiles/cmTryCompileExec1532344274.dir/build.make CMakeFiles/cmTryCompileExec1532344274.dir/build]
  ignore line: [gmake[1]: Entering directory `/net/xserve0/users/nakamura/デスクトップ/Research/experiments/src/lib/Eigen/src/CMakeFiles/CMakeTmp']
  ignore line: [gmake[1]: Warning: File `CMakeFiles/cmTryCompileExec1532344274.dir/flags.make' has modification time 8.4 s in the future]
  ignore line: [/usr/local/bin/cmake -E cmake_progress_report /home/xserve0/users/nakamura/デスクトップ/Research/experiments/src/lib/Eigen/src/CMakeFiles/CMakeTmp/CMakeFiles 1]
  ignore line: [Building C object CMakeFiles/cmTryCompileExec1532344274.dir/CMakeCCompilerABI.c.o]
  ignore line: [/usr/bin/cc    -o CMakeFiles/cmTryCompileExec1532344274.dir/CMakeCCompilerABI.c.o   -c /usr/local/share/cmake-2.8/Modules/CMakeCCompilerABI.c]
  ignore line: [Linking C executable cmTryCompileExec1532344274]
  ignore line: [/usr/local/bin/cmake -E cmake_link_script CMakeFiles/cmTryCompileExec1532344274.dir/link.txt --verbose=1]
  ignore line: [/usr/bin/cc     -v CMakeFiles/cmTryCompileExec1532344274.dir/CMakeCCompilerABI.c.o  -o cmTryCompileExec1532344274 -rdynamic  ]
  ignore line: [Using built-in specs.]
  ignore line: [Target: i686-vine-linux]
  ignore line: [コンフィグオプション: ../configure --prefix=/usr --mandir=/usr/share/man --infodir=/usr/share/info --enable-bootstrap --enable-shared --enable-threads=posix --enable-checking=release --with-system-zlib --enable-__cxa_atexit --disable-libunwind-exceptions --enable-gnu-unique-object --enable-languages=c,c++,objc,obj-c++,java,fortran --enable-java-awt=gtk --disable-dssi --with-native-libdir=/usr/lib/gcj-4.4.5 --with-java-home=/usr/lib/jvm/java-1.5.0-gcj-1.5.0.0/jre --enable-libgcj-multifile --enable-java-maintainer-mode --with-ecj-jar=/usr/share/java/eclipse-ecj.jar --disable-libjava-multilib --with-arch=i686 --host=i686-vine-linux --build=i686-vine-linux]
  ignore line: [スレッドモデル: posix]
  ignore line: [gcc version 4.4.5 20101001 (Vine Linux 4.4.5-6.1vl6) (GCC) ]
  ignore line: [COMPILER_PATH=/usr/libexec/gcc/i686-vine-linux/4.4.5/:/usr/libexec/gcc/i686-vine-linux/4.4.5/:/usr/libexec/gcc/i686-vine-linux/:/usr/lib/gcc/i686-vine-linux/4.4.5/:/usr/lib/gcc/i686-vine-linux/:/usr/libexec/gcc/i686-vine-linux/4.4.5/:/usr/libexec/gcc/i686-vine-linux/:/usr/lib/gcc/i686-vine-linux/4.4.5/:/usr/lib/gcc/i686-vine-linux/]
  ignore line: [LIBRARY_PATH=/usr/lib/gcc/i686-vine-linux/4.4.5/:/usr/lib/gcc/i686-vine-linux/4.4.5/:/usr/lib/gcc/i686-vine-linux/4.4.5/../../../:/lib/:/usr/lib/]
  ignore line: [COLLECT_GCC_OPTIONS='-v' '-o' 'cmTryCompileExec1532344274' '-rdynamic' '-mtune=generic' '-march=i686']
  link line: [ /usr/libexec/gcc/i686-vine-linux/4.4.5/collect2 --add-needed --eh-frame-hdr --build-id -m elf_i386 -export-dynamic -dynamic-linker /lib/ld-linux.so.2 -o cmTryCompileExec1532344274 /usr/lib/gcc/i686-vine-linux/4.4.5/../../../crt1.o /usr/lib/gcc/i686-vine-linux/4.4.5/../../../crti.o /usr/lib/gcc/i686-vine-linux/4.4.5/crtbegin.o -L/usr/lib/gcc/i686-vine-linux/4.4.5 -L/usr/lib/gcc/i686-vine-linux/4.4.5 -L/usr/lib/gcc/i686-vine-linux/4.4.5/../../.. CMakeFiles/cmTryCompileExec1532344274.dir/CMakeCCompilerABI.c.o -lgcc --as-needed -lgcc_s --no-as-needed -lc -lgcc --as-needed -lgcc_s --no-as-needed /usr/lib/gcc/i686-vine-linux/4.4.5/crtend.o /usr/lib/gcc/i686-vine-linux/4.4.5/../../../crtn.o]
    arg [/usr/libexec/gcc/i686-vine-linux/4.4.5/collect2] ==> ignore
    arg [--add-needed] ==> ignore
    arg [--eh-frame-hdr] ==> ignore
    arg [--build-id] ==> ignore
    arg [-m] ==> ignore
    arg [elf_i386] ==> ignore
    arg [-export-dynamic] ==> ignore
    arg [-dynamic-linker] ==> ignore
    arg [/lib/ld-linux.so.2] ==> ignore
    arg [-o] ==> ignore
    arg [cmTryCompileExec1532344274] ==> ignore
    arg [/usr/lib/gcc/i686-vine-linux/4.4.5/../../../crt1.o] ==> ignore
    arg [/usr/lib/gcc/i686-vine-linux/4.4.5/../../../crti.o] ==> ignore
    arg [/usr/lib/gcc/i686-vine-linux/4.4.5/crtbegin.o] ==> ignore
    arg [-L/usr/lib/gcc/i686-vine-linux/4.4.5] ==> dir [/usr/lib/gcc/i686-vine-linux/4.4.5]
    arg [-L/usr/lib/gcc/i686-vine-linux/4.4.5] ==> dir [/usr/lib/gcc/i686-vine-linux/4.4.5]
    arg [-L/usr/lib/gcc/i686-vine-linux/4.4.5/../../..] ==> dir [/usr/lib/gcc/i686-vine-linux/4.4.5/../../..]
    arg [CMakeFiles/cmTryCompileExec1532344274.dir/CMakeCCompilerABI.c.o] ==> ignore
    arg [-lgcc] ==> lib [gcc]
    arg [--as-needed] ==> ignore
    arg [-lgcc_s] ==> lib [gcc_s]
    arg [--no-as-needed] ==> ignore
    arg [-lc] ==> lib [c]
    arg [-lgcc] ==> lib [gcc]
    arg [--as-needed] ==> ignore
    arg [-lgcc_s] ==> lib [gcc_s]
    arg [--no-as-needed] ==> ignore
    arg [/usr/lib/gcc/i686-vine-linux/4.4.5/crtend.o] ==> ignore
    arg [/usr/lib/gcc/i686-vine-linux/4.4.5/../../../crtn.o] ==> ignore
  remove lib [gcc]
  remove lib [gcc_s]
  remove lib [gcc]
  remove lib [gcc_s]
  collapse library dir [/usr/lib/gcc/i686-vine-linux/4.4.5] ==> [/usr/lib/gcc/i686-vine-linux/4.4.5]
  collapse library dir [/usr/lib/gcc/i686-vine-linux/4.4.5] ==> [/usr/lib/gcc/i686-vine-linux/4.4.5]
  collapse library dir [/usr/lib/gcc/i686-vine-linux/4.4.5/../../..] ==> [/usr/lib]
  implicit libs: [c]
  implicit dirs: [/usr/lib/gcc/i686-vine-linux/4.4.5;/usr/lib]
  implicit fwks: []


Determining if the CXX compiler works passed with the following output:
Change Dir: /home/xserve0/users/nakamura/デスクトップ/Research/experiments/src/lib/Eigen/src/CMakeFiles/CMakeTmp

Run Build Command:/usr/bin/gmake "cmTryCompileExec873488702/fast"
gmake: Warning: File `Makefile' has modification time 8.1 s in the future
/usr/bin/gmake -f CMakeFiles/cmTryCompileExec873488702.dir/build.make CMakeFiles/cmTryCompileExec873488702.dir/build
gmake[1]: Entering directory `/net/xserve0/users/nakamura/デスクトップ/Research/experiments/src/lib/Eigen/src/CMakeFiles/CMakeTmp'
gmake[1]: Warning: File `CMakeFiles/cmTryCompileExec873488702.dir/flags.make' has modification time 8.1 s in the future
/usr/local/bin/cmake -E cmake_progress_report /home/xserve0/users/nakamura/デスクトップ/Research/experiments/src/lib/Eigen/src/CMakeFiles/CMakeTmp/CMakeFiles 1
Building CXX object CMakeFiles/cmTryCompileExec873488702.dir/testCXXCompiler.cxx.o
/usr/bin/c++     -o CMakeFiles/cmTryCompileExec873488702.dir/testCXXCompiler.cxx.o -c /home/xserve0/users/nakamura/デスクトップ/Research/experiments/src/lib/Eigen/src/CMakeFiles/CMakeTmp/testCXXCompiler.cxx
Linking CXX executable cmTryCompileExec873488702
/usr/local/bin/cmake -E cmake_link_script CMakeFiles/cmTryCompileExec873488702.dir/link.txt --verbose=1
/usr/bin/c++        CMakeFiles/cmTryCompileExec873488702.dir/testCXXCompiler.cxx.o  -o cmTryCompileExec873488702 -rdynamic 
gmake[1]: Leaving directory `/net/xserve0/users/nakamura/デスクトップ/Research/experiments/src/lib/Eigen/src/CMakeFiles/CMakeTmp'
gmake[1]: warning:  Clock skew detected.  Your build may be incomplete.
gmake: warning:  Clock skew detected.  Your build may be incomplete.


Detecting CXX compiler ABI info compiled with the following output:
Change Dir: /home/xserve0/users/nakamura/デスクトップ/Research/experiments/src/lib/Eigen/src/CMakeFiles/CMakeTmp

Run Build Command:/usr/bin/gmake "cmTryCompileExec2731739288/fast"
gmake: Warning: File `Makefile' has modification time 8.9 s in the future
/usr/bin/gmake -f CMakeFiles/cmTryCompileExec2731739288.dir/build.make CMakeFiles/cmTryCompileExec2731739288.dir/build
gmake[1]: Entering directory `/net/xserve0/users/nakamura/デスクトップ/Research/experiments/src/lib/Eigen/src/CMakeFiles/CMakeTmp'
gmake[1]: Warning: File `CMakeFiles/cmTryCompileExec2731739288.dir/flags.make' has modification time 8.8 s in the future
/usr/local/bin/cmake -E cmake_progress_report /home/xserve0/users/nakamura/デスクトップ/Research/experiments/src/lib/Eigen/src/CMakeFiles/CMakeTmp/CMakeFiles 1
Building CXX object CMakeFiles/cmTryCompileExec2731739288.dir/CMakeCXXCompilerABI.cpp.o
/usr/bin/c++     -o CMakeFiles/cmTryCompileExec2731739288.dir/CMakeCXXCompilerABI.cpp.o -c /usr/local/share/cmake-2.8/Modules/CMakeCXXCompilerABI.cpp
Linking CXX executable cmTryCompileExec2731739288
/usr/local/bin/cmake -E cmake_link_script CMakeFiles/cmTryCompileExec2731739288.dir/link.txt --verbose=1
/usr/bin/c++      -v CMakeFiles/cmTryCompileExec2731739288.dir/CMakeCXXCompilerABI.cpp.o  -o cmTryCompileExec2731739288 -rdynamic  
Using built-in specs.
Target: i686-vine-linux
コンフィグオプション: ../configure --prefix=/usr --mandir=/usr/share/man --infodir=/usr/share/info --enable-bootstrap --enable-shared --enable-threads=posix --enable-checking=release --with-system-zlib --enable-__cxa_atexit --disable-libunwind-exceptions --enable-gnu-unique-object --enable-languages=c,c++,objc,obj-c++,java,fortran --enable-java-awt=gtk --disable-dssi --with-native-libdir=/usr/lib/gcj-4.4.5 --with-java-home=/usr/lib/jvm/java-1.5.0-gcj-1.5.0.0/jre --enable-libgcj-multifile --enable-java-maintainer-mode --with-ecj-jar=/usr/share/java/eclipse-ecj.jar --disable-libjava-multilib --with-arch=i686 --host=i686-vine-linux --build=i686-vine-linux
スレッドモデル: posix
gcc version 4.4.5 20101001 (Vine Linux 4.4.5-6.1vl6) (GCC) 
COMPILER_PATH=/usr/libexec/gcc/i686-vine-linux/4.4.5/:/usr/libexec/gcc/i686-vine-linux/4.4.5/:/usr/libexec/gcc/i686-vine-linux/:/usr/lib/gcc/i686-vine-linux/4.4.5/:/usr/lib/gcc/i686-vine-linux/:/usr/libexec/gcc/i686-vine-linux/4.4.5/:/usr/libexec/gcc/i686-vine-linux/:/usr/lib/gcc/i686-vine-linux/4.4.5/:/usr/lib/gcc/i686-vine-linux/
LIBRARY_PATH=/usr/lib/gcc/i686-vine-linux/4.4.5/:/usr/lib/gcc/i686-vine-linux/4.4.5/:/usr/lib/gcc/i686-vine-linux/4.4.5/../../../:/lib/:/usr/lib/
COLLECT_GCC_OPTIONS='-v' '-o' 'cmTryCompileExec2731739288' '-rdynamic' '-shared-libgcc' '-mtune=generic' '-march=i686'
 /usr/libexec/gcc/i686-vine-linux/4.4.5/collect2 --add-needed --eh-frame-hdr --build-id -m elf_i386 -export-dynamic -dynamic-linker /lib/ld-linux.so.2 -o cmTryCompileExec2731739288 /usr/lib/gcc/i686-vine-linux/4.4.5/../../../crt1.o /usr/lib/gcc/i686-vine-linux/4.4.5/../../../crti.o /usr/lib/gcc/i686-vine-linux/4.4.5/crtbegin.o -L/usr/lib/gcc/i686-vine-linux/4.4.5 -L/usr/lib/gcc/i686-vine-linux/4.4.5 -L/usr/lib/gcc/i686-vine-linux/4.4.5/../../.. CMakeFiles/cmTryCompileExec2731739288.dir/CMakeCXXCompilerABI.cpp.o -lstdc++ -lm -lgcc_s -lgcc -lc -lgcc_s -lgcc /usr/lib/gcc/i686-vine-linux/4.4.5/crtend.o /usr/lib/gcc/i686-vine-linux/4.4.5/../../../crtn.o
gmake[1]: Leaving directory `/net/xserve0/users/nakamura/デスクトップ/Research/experiments/src/lib/Eigen/src/CMakeFiles/CMakeTmp'
gmake[1]: warning:  Clock skew detected.  Your build may be incomplete.
gmake: warning:  Clock skew detected.  Your build may be incomplete.


Parsed CXX implicit link information from above output:
  link line regex: [^( *|.*[/\])(ld|([^/\]+-)?ld|collect2)[^/\]*( |$)]
  ignore line: [Change Dir: /home/xserve0/users/nakamura/デスクトップ/Research/experiments/src/lib/Eigen/src/CMakeFiles/CMakeTmp]
  ignore line: []
  ignore line: [Run Build Command:/usr/bin/gmake "cmTryCompileExec2731739288/fast"]
  ignore line: [gmake: Warning: File `Makefile' has modification time 8.9 s in the future]
  ignore line: [/usr/bin/gmake -f CMakeFiles/cmTryCompileExec2731739288.dir/build.make CMakeFiles/cmTryCompileExec2731739288.dir/build]
  ignore line: [gmake[1]: Entering directory `/net/xserve0/users/nakamura/デスクトップ/Research/experiments/src/lib/Eigen/src/CMakeFiles/CMakeTmp']
  ignore line: [gmake[1]: Warning: File `CMakeFiles/cmTryCompileExec2731739288.dir/flags.make' has modification time 8.8 s in the future]
  ignore line: [/usr/local/bin/cmake -E cmake_progress_report /home/xserve0/users/nakamura/デスクトップ/Research/experiments/src/lib/Eigen/src/CMakeFiles/CMakeTmp/CMakeFiles 1]
  ignore line: [Building CXX object CMakeFiles/cmTryCompileExec2731739288.dir/CMakeCXXCompilerABI.cpp.o]
  ignore line: [/usr/bin/c++     -o CMakeFiles/cmTryCompileExec2731739288.dir/CMakeCXXCompilerABI.cpp.o -c /usr/local/share/cmake-2.8/Modules/CMakeCXXCompilerABI.cpp]
  ignore line: [Linking CXX executable cmTryCompileExec2731739288]
  ignore line: [/usr/local/bin/cmake -E cmake_link_script CMakeFiles/cmTryCompileExec2731739288.dir/link.txt --verbose=1]
  ignore line: [/usr/bin/c++      -v CMakeFiles/cmTryCompileExec2731739288.dir/CMakeCXXCompilerABI.cpp.o  -o cmTryCompileExec2731739288 -rdynamic  ]
  ignore line: [Using built-in specs.]
  ignore line: [Target: i686-vine-linux]
  ignore line: [コンフィグオプション: ../configure --prefix=/usr --mandir=/usr/share/man --infodir=/usr/share/info --enable-bootstrap --enable-shared --enable-threads=posix --enable-checking=release --with-system-zlib --enable-__cxa_atexit --disable-libunwind-exceptions --enable-gnu-unique-object --enable-languages=c,c++,objc,obj-c++,java,fortran --enable-java-awt=gtk --disable-dssi --with-native-libdir=/usr/lib/gcj-4.4.5 --with-java-home=/usr/lib/jvm/java-1.5.0-gcj-1.5.0.0/jre --enable-libgcj-multifile --enable-java-maintainer-mode --with-ecj-jar=/usr/share/java/eclipse-ecj.jar --disable-libjava-multilib --with-arch=i686 --host=i686-vine-linux --build=i686-vine-linux]
  ignore line: [スレッドモデル: posix]
  ignore line: [gcc version 4.4.5 20101001 (Vine Linux 4.4.5-6.1vl6) (GCC) ]
  ignore line: [COMPILER_PATH=/usr/libexec/gcc/i686-vine-linux/4.4.5/:/usr/libexec/gcc/i686-vine-linux/4.4.5/:/usr/libexec/gcc/i686-vine-linux/:/usr/lib/gcc/i686-vine-linux/4.4.5/:/usr/lib/gcc/i686-vine-linux/:/usr/libexec/gcc/i686-vine-linux/4.4.5/:/usr/libexec/gcc/i686-vine-linux/:/usr/lib/gcc/i686-vine-linux/4.4.5/:/usr/lib/gcc/i686-vine-linux/]
  ignore line: [LIBRARY_PATH=/usr/lib/gcc/i686-vine-linux/4.4.5/:/usr/lib/gcc/i686-vine-linux/4.4.5/:/usr/lib/gcc/i686-vine-linux/4.4.5/../../../:/lib/:/usr/lib/]
  ignore line: [COLLECT_GCC_OPTIONS='-v' '-o' 'cmTryCompileExec2731739288' '-rdynamic' '-shared-libgcc' '-mtune=generic' '-march=i686']
  link line: [ /usr/libexec/gcc/i686-vine-linux/4.4.5/collect2 --add-needed --eh-frame-hdr --build-id -m elf_i386 -export-dynamic -dynamic-linker /lib/ld-linux.so.2 -o cmTryCompileExec2731739288 /usr/lib/gcc/i686-vine-linux/4.4.5/../../../crt1.o /usr/lib/gcc/i686-vine-linux/4.4.5/../../../crti.o /usr/lib/gcc/i686-vine-linux/4.4.5/crtbegin.o -L/usr/lib/gcc/i686-vine-linux/4.4.5 -L/usr/lib/gcc/i686-vine-linux/4.4.5 -L/usr/lib/gcc/i686-vine-linux/4.4.5/../../.. CMakeFiles/cmTryCompileExec2731739288.dir/CMakeCXXCompilerABI.cpp.o -lstdc++ -lm -lgcc_s -lgcc -lc -lgcc_s -lgcc /usr/lib/gcc/i686-vine-linux/4.4.5/crtend.o /usr/lib/gcc/i686-vine-linux/4.4.5/../../../crtn.o]
    arg [/usr/libexec/gcc/i686-vine-linux/4.4.5/collect2] ==> ignore
    arg [--add-needed] ==> ignore
    arg [--eh-frame-hdr] ==> ignore
    arg [--build-id] ==> ignore
    arg [-m] ==> ignore
    arg [elf_i386] ==> ignore
    arg [-export-dynamic] ==> ignore
    arg [-dynamic-linker] ==> ignore
    arg [/lib/ld-linux.so.2] ==> ignore
    arg [-o] ==> ignore
    arg [cmTryCompileExec2731739288] ==> ignore
    arg [/usr/lib/gcc/i686-vine-linux/4.4.5/../../../crt1.o] ==> ignore
    arg [/usr/lib/gcc/i686-vine-linux/4.4.5/../../../crti.o] ==> ignore
    arg [/usr/lib/gcc/i686-vine-linux/4.4.5/crtbegin.o] ==> ignore
    arg [-L/usr/lib/gcc/i686-vine-linux/4.4.5] ==> dir [/usr/lib/gcc/i686-vine-linux/4.4.5]
    arg [-L/usr/lib/gcc/i686-vine-linux/4.4.5] ==> dir [/usr/lib/gcc/i686-vine-linux/4.4.5]
    arg [-L/usr/lib/gcc/i686-vine-linux/4.4.5/../../..] ==> dir [/usr/lib/gcc/i686-vine-linux/4.4.5/../../..]
    arg [CMakeFiles/cmTryCompileExec2731739288.dir/CMakeCXXCompilerABI.cpp.o] ==> ignore
    arg [-lstdc++] ==> lib [stdc++]
    arg [-lm] ==> lib [m]
    arg [-lgcc_s] ==> lib [gcc_s]
    arg [-lgcc] ==> lib [gcc]
    arg [-lc] ==> lib [c]
    arg [-lgcc_s] ==> lib [gcc_s]
    arg [-lgcc] ==> lib [gcc]
    arg [/usr/lib/gcc/i686-vine-linux/4.4.5/crtend.o] ==> ignore
    arg [/usr/lib/gcc/i686-vine-linux/4.4.5/../../../crtn.o] ==> ignore
  remove lib [gcc_s]
  remove lib [gcc]
  remove lib [gcc_s]
  remove lib [gcc]
  collapse library dir [/usr/lib/gcc/i686-vine-linux/4.4.5] ==> [/usr/lib/gcc/i686-vine-linux/4.4.5]
  collapse library dir [/usr/lib/gcc/i686-vine-linux/4.4.5] ==> [/usr/lib/gcc/i686-vine-linux/4.4.5]
  collapse library dir [/usr/lib/gcc/i686-vine-linux/4.4.5/../../..] ==> [/usr/lib]
  implicit libs: [stdc++;m;c]
  implicit dirs: [/usr/lib/gcc/i686-vine-linux/4.4.5;/usr/lib]
  implicit fwks: []


